c:\users\admin\documents\visual studio 2013\projects\win32project1\win32project1\release\faggot.pch
c:\users\admin\documents\visual studio 2013\projects\win32project1\win32project1\release\stdafx.obj
c:\users\admin\documents\visual studio 2013\projects\win32project1\win32project1\release\stdafx.asm
c:\users\admin\documents\visual studio 2013\projects\win32project1\win32project1\release\vc120.pdb
c:\users\admin\documents\visual studio 2013\projects\win32project1\win32project1\release\win32project1.obj
c:\users\admin\documents\visual studio 2013\projects\win32project1\win32project1\release\win32project1.asm
c:\users\admin\desktop\faggot.exe
c:\users\admin\documents\visual studio 2013\projects\win32project1\win32project1\win32project1.res
c:\users\admin\documents\visual studio 2013\projects\win32project1\win32project1\release\vc120.idb
c:\users\admin\documents\visual studio 2013\projects\win32project1\win32project1\..\..\..\..\..\desktop\faggot.exe
c:\users\admin\documents\visual studio 2013\projects\win32project1\win32project1\release\win32project1.tlog\cl.command.1.tlog
c:\users\admin\documents\visual studio 2013\projects\win32project1\win32project1\release\win32project1.tlog\cl.read.1.tlog
c:\users\admin\documents\visual studio 2013\projects\win32project1\win32project1\release\win32project1.tlog\cl.read.2.tlog
c:\users\admin\documents\visual studio 2013\projects\win32project1\win32project1\release\win32project1.tlog\cl.read.3.tlog
c:\users\admin\documents\visual studio 2013\projects\win32project1\win32project1\release\win32project1.tlog\cl.read.4.tlog
c:\users\admin\documents\visual studio 2013\projects\win32project1\win32project1\release\win32project1.tlog\cl.read.5.tlog
c:\users\admin\documents\visual studio 2013\projects\win32project1\win32project1\release\win32project1.tlog\cl.write.1.tlog
c:\users\admin\documents\visual studio 2013\projects\win32project1\win32project1\release\win32project1.tlog\cl.write.3.tlog
c:\users\admin\documents\visual studio 2013\projects\win32project1\win32project1\release\win32project1.tlog\cl.write.5.tlog
c:\users\admin\documents\visual studio 2013\projects\win32project1\win32project1\release\win32project1.tlog\link.command.1.tlog
c:\users\admin\documents\visual studio 2013\projects\win32project1\win32project1\release\win32project1.tlog\link.read.1.tlog
c:\users\admin\documents\visual studio 2013\projects\win32project1\win32project1\release\win32project1.tlog\link.write.1.tlog
c:\users\admin\documents\visual studio 2013\projects\win32project1\win32project1\release\win32project1.tlog\rc.command.1.tlog
c:\users\admin\documents\visual studio 2013\projects\win32project1\win32project1\release\win32project1.tlog\rc.read.1.tlog
c:\users\admin\documents\visual studio 2013\projects\win32project1\win32project1\release\win32project1.tlog\rc.write.1.tlog
